2013/05/30 22:40:04 [error] [exception.CHttpException.403] exception 'CHttpException' with message 'You are not allowed to access this page.' in /var/www/framework/gii/GiiModule.php:168
Stack trace:
#0 /var/www/framework/web/CController.php(263): GiiModule->beforeControllerAction(Object(DefaultController), Object(CInlineAction))
#1 /var/www/framework/web/CWebApplication.php(282): CController->run('')
#2 /var/www/framework/web/CWebApplication.php(141): CWebApplication->runController('gii')
#3 /var/www/framework/base/CApplication.php(169): CWebApplication->processRequest()
#4 /var/www/cms/htdocs/index.php(15): CApplication->run()
#5 {main}
REQUEST_URI=/cms/htdocs/index.php?r=gii
---
2013/05/30 22:40:30 [error] [exception.CHttpException.403] exception 'CHttpException' with message 'You are not allowed to access this page.' in /var/www/framework/gii/GiiModule.php:168
Stack trace:
#0 /var/www/framework/web/CController.php(263): GiiModule->beforeControllerAction(Object(DefaultController), Object(CInlineAction))
#1 /var/www/framework/web/CWebApplication.php(282): CController->run('')
#2 /var/www/framework/web/CWebApplication.php(141): CWebApplication->runController('gii')
#3 /var/www/framework/base/CApplication.php(169): CWebApplication->processRequest()
#4 /var/www/cms/htdocs/index.php(15): CApplication->run()
#5 {main}
REQUEST_URI=/cms/htdocs/index.php?r=gii
---
2013/05/30 22:40:48 [error] [exception.CHttpException.403] exception 'CHttpException' with message 'You are not allowed to access this page.' in /var/www/framework/gii/GiiModule.php:168
Stack trace:
#0 /var/www/framework/web/CController.php(263): GiiModule->beforeControllerAction(Object(DefaultController), Object(CInlineAction))
#1 /var/www/framework/web/CWebApplication.php(282): CController->run('')
#2 /var/www/framework/web/CWebApplication.php(141): CWebApplication->runController('gii')
#3 /var/www/framework/base/CApplication.php(169): CWebApplication->processRequest()
#4 /var/www/cms/htdocs/index.php(15): CApplication->run()
#5 {main}
REQUEST_URI=/cms/htdocs/index.php?r=gii
---
2013/05/30 22:40:48 [error] [exception.CHttpException.403] exception 'CHttpException' with message 'You are not allowed to access this page.' in /var/www/framework/gii/GiiModule.php:168
Stack trace:
#0 /var/www/framework/web/CController.php(263): GiiModule->beforeControllerAction(Object(DefaultController), Object(CInlineAction))
#1 /var/www/framework/web/CWebApplication.php(282): CController->run('')
#2 /var/www/framework/web/CWebApplication.php(141): CWebApplication->runController('gii')
#3 /var/www/framework/base/CApplication.php(169): CWebApplication->processRequest()
#4 /var/www/cms/htdocs/index.php(15): CApplication->run()
#5 {main}
REQUEST_URI=/cms/htdocs/index.php?r=gii
---
2013/05/30 22:40:49 [error] [exception.CHttpException.403] exception 'CHttpException' with message 'You are not allowed to access this page.' in /var/www/framework/gii/GiiModule.php:168
Stack trace:
#0 /var/www/framework/web/CController.php(263): GiiModule->beforeControllerAction(Object(DefaultController), Object(CInlineAction))
#1 /var/www/framework/web/CWebApplication.php(282): CController->run('')
#2 /var/www/framework/web/CWebApplication.php(141): CWebApplication->runController('gii')
#3 /var/www/framework/base/CApplication.php(169): CWebApplication->processRequest()
#4 /var/www/cms/htdocs/index.php(15): CApplication->run()
#5 {main}
REQUEST_URI=/cms/htdocs/index.php?r=gii
---
2013/05/30 22:40:49 [error] [exception.CHttpException.403] exception 'CHttpException' with message 'You are not allowed to access this page.' in /var/www/framework/gii/GiiModule.php:168
Stack trace:
#0 /var/www/framework/web/CController.php(263): GiiModule->beforeControllerAction(Object(DefaultController), Object(CInlineAction))
#1 /var/www/framework/web/CWebApplication.php(282): CController->run('')
#2 /var/www/framework/web/CWebApplication.php(141): CWebApplication->runController('gii')
#3 /var/www/framework/base/CApplication.php(169): CWebApplication->processRequest()
#4 /var/www/cms/htdocs/index.php(15): CApplication->run()
#5 {main}
REQUEST_URI=/cms/htdocs/index.php?r=gii
---
2013/05/30 22:41:34 [error] [exception.CHttpException.403] exception 'CHttpException' with message 'You are not allowed to access this page.' in /var/www/framework/gii/GiiModule.php:168
Stack trace:
#0 /var/www/framework/web/CController.php(263): GiiModule->beforeControllerAction(Object(DefaultController), Object(CInlineAction))
#1 /var/www/framework/web/CWebApplication.php(282): CController->run('')
#2 /var/www/framework/web/CWebApplication.php(141): CWebApplication->runController('gii')
#3 /var/www/framework/base/CApplication.php(169): CWebApplication->processRequest()
#4 /var/www/cms/htdocs/index.php(15): CApplication->run()
#5 {main}
REQUEST_URI=/cms/htdocs/index.php?r=gii
---
2013/05/30 22:47:56 [error] [system.db.CDbCommand] CDbCommand::fetchAll() failed: SQLSTATE[42S02]: Base table or view not found: 1146 Table 'cms.user_usr' doesn't exist. The SQL statement executed was: SHOW FULL COLUMNS FROM `user_usr`.
in /var/www/cms/htdocs/index.php (15)
2013/05/30 23:14:38 [error] [exception.CException] exception 'CException' with message 'Alias "application.extensions.yiiext.renderers.smarty.ESmartyViewRenderer" is invalid. Make sure it points to an existing PHP file and the file is readable.' in /var/www/framework/YiiBase.php:316
Stack trace:
#0 /var/www/framework/YiiBase.php(196): YiiBase::import('application.ext...', true)
#1 /var/www/framework/base/CModule.php(386): YiiBase::createComponent(Array)
#2 /var/www/framework/web/CWebApplication.php(221): CModule->getComponent('viewRenderer')
#3 /var/www/framework/web/CController.php(695): CWebApplication->getViewRenderer()
#4 /var/www/framework/web/CController.php(591): CController->resolveViewFile('index', '/var/www/cms/pr...', '/var/www/cms/pr...', '/var/www/cms/pr...')
#5 /var/www/framework/web/CController.php(867): CController->getViewFile('index')
#6 /var/www/framework/web/CController.php(782): CController->renderPartial('index', NULL, true)
#7 /var/www/cms/protected/controllers/SiteController.php(33): CController->render('index')
#8 /var/www/framework/web/actions/CInlineAction.php(49): SiteController->actionIndex()
#9 /var/www/framework/web/CController.php(308): CInlineAction->runWithParams(Array)
#10 /var/www/framework/web/CController.php(286): CController->runAction(Object(CInlineAction))
#11 /var/www/framework/web/CController.php(265): CController->runActionWithFilters(Object(CInlineAction), Array)
#12 /var/www/framework/web/CWebApplication.php(282): CController->run('')
#13 /var/www/framework/web/CWebApplication.php(141): CWebApplication->runController('')
#14 /var/www/framework/base/CApplication.php(169): CWebApplication->processRequest()
#15 /var/www/cms/htdocs/index.php(15): CApplication->run()
#16 {main}
REQUEST_URI=/cms/htdocs/
HTTP_REFERER=http://192.168.1.35/cms/
---
2013/05/30 23:18:01 [error] [php] include_once(/var/www/cms/protected/vendors/Smarty/sysplugins/smarty_internal_data.php): failed to open stream: No such file or directory (/var/www/cms/protected/vendors/Smarty/Smarty.class.php:95)
Stack trace:
#0 /var/www/framework/base/CModule.php(387): ESmartyViewRenderer->init()
#1 /var/www/framework/web/CWebApplication.php(221): CWebApplication->getComponent()
#2 /var/www/framework/web/CController.php(695): CWebApplication->getViewRenderer()
#3 /var/www/framework/web/CController.php(591): SiteController->resolveViewFile()
#4 /var/www/framework/web/CController.php(867): SiteController->getViewFile()
#5 /var/www/framework/web/CController.php(782): SiteController->renderPartial()
#6 /var/www/cms/protected/controllers/SiteController.php(33): SiteController->render()
#7 /var/www/framework/web/actions/CInlineAction.php(49): SiteController->actionIndex()
#8 /var/www/framework/web/CController.php(308): CInlineAction->runWithParams()
#9 /var/www/framework/web/CController.php(286): SiteController->runAction()
#10 /var/www/framework/web/CController.php(265): SiteController->runActionWithFilters()
#11 /var/www/framework/web/CWebApplication.php(282): SiteController->run()
#12 /var/www/framework/web/CWebApplication.php(141): CWebApplication->runController()
#13 /var/www/framework/base/CApplication.php(169): CWebApplication->processRequest()
#14 /var/www/cms/htdocs/index.php(15): CWebApplication->run()
REQUEST_URI=/cms/htdocs/
in /var/www/cms/protected/vendors/Smarty/Smarty.class.php (95)
in /var/www/cms/protected/vendors/Smarty/Smarty.class.php (95)
in /var/www/cms/protected/extensions/smarty-renderer-master/ESmartyViewRenderer.php (135)
2013/05/30 23:18:22 [error] [php] include_once(/var/www/cms/protected/vendors/Smarty/sysplugins/smarty_internal_data.php): failed to open stream: No such file or directory (/var/www/cms/protected/vendors/Smarty/Smarty.class.php:95)
Stack trace:
#0 /var/www/framework/base/CModule.php(387): ESmartyViewRenderer->init()
#1 /var/www/framework/web/CWebApplication.php(221): CWebApplication->getComponent()
#2 /var/www/framework/web/CController.php(695): CWebApplication->getViewRenderer()
#3 /var/www/framework/web/CController.php(591): SiteController->resolveViewFile()
#4 /var/www/framework/web/CController.php(867): SiteController->getViewFile()
#5 /var/www/framework/web/CController.php(782): SiteController->renderPartial()
#6 /var/www/cms/protected/controllers/SiteController.php(33): SiteController->render()
#7 /var/www/framework/web/actions/CInlineAction.php(49): SiteController->actionIndex()
#8 /var/www/framework/web/CController.php(308): CInlineAction->runWithParams()
#9 /var/www/framework/web/CController.php(286): SiteController->runAction()
#10 /var/www/framework/web/CController.php(265): SiteController->runActionWithFilters()
#11 /var/www/framework/web/CWebApplication.php(282): SiteController->run()
#12 /var/www/framework/web/CWebApplication.php(141): CWebApplication->runController()
#13 /var/www/framework/base/CApplication.php(169): CWebApplication->processRequest()
#14 /var/www/cms/htdocs/index.php(15): CWebApplication->run()
REQUEST_URI=/cms/htdocs/
in /var/www/cms/protected/vendors/Smarty/Smarty.class.php (95)
in /var/www/cms/protected/vendors/Smarty/Smarty.class.php (95)
in /var/www/cms/protected/extensions/smarty/ESmartyViewRenderer.php (135)
2013/05/30 23:18:57 [error] [php] include_once(/var/www/cms/protected/vendors/Smarty/sysplugins/smarty_internal_data.php): failed to open stream: No such file or directory (/var/www/cms/protected/vendors/Smarty/Smarty.class.php:95)
Stack trace:
#0 /var/www/framework/base/CModule.php(387): ESmartyViewRenderer->init()
#1 /var/www/framework/web/CWebApplication.php(221): CWebApplication->getComponent()
#2 /var/www/framework/web/CController.php(695): CWebApplication->getViewRenderer()
#3 /var/www/framework/web/CController.php(591): SiteController->resolveViewFile()
#4 /var/www/framework/web/CController.php(867): SiteController->getViewFile()
#5 /var/www/framework/web/CController.php(782): SiteController->renderPartial()
#6 /var/www/cms/protected/controllers/SiteController.php(33): SiteController->render()
#7 /var/www/framework/web/actions/CInlineAction.php(49): SiteController->actionIndex()
#8 /var/www/framework/web/CController.php(308): CInlineAction->runWithParams()
#9 /var/www/framework/web/CController.php(286): SiteController->runAction()
#10 /var/www/framework/web/CController.php(265): SiteController->runActionWithFilters()
#11 /var/www/framework/web/CWebApplication.php(282): SiteController->run()
#12 /var/www/framework/web/CWebApplication.php(141): CWebApplication->runController()
#13 /var/www/framework/base/CApplication.php(169): CWebApplication->processRequest()
#14 /var/www/cms/htdocs/index.php(15): CWebApplication->run()
REQUEST_URI=/cms/htdocs/
in /var/www/cms/protected/vendors/Smarty/Smarty.class.php (95)
in /var/www/cms/protected/vendors/Smarty/Smarty.class.php (95)
in /var/www/cms/protected/extensions/smarty/ESmartyViewRenderer.php (135)
2013/05/30 23:23:29 [error] [php] include_once(/var/www/cms/protected/vendors/Smarty/sysplugins/smarty_internal_data.php): failed to open stream: No such file or directory (/var/www/cms/protected/vendors/Smarty/Smarty.class.php:95)
Stack trace:
#0 /var/www/framework/base/CModule.php(387): ESmartyViewRenderer->init()
#1 /var/www/framework/web/CWebApplication.php(221): CWebApplication->getComponent()
#2 /var/www/framework/web/CController.php(695): CWebApplication->getViewRenderer()
#3 /var/www/framework/web/CController.php(591): SiteController->resolveViewFile()
#4 /var/www/framework/web/CController.php(867): SiteController->getViewFile()
#5 /var/www/framework/web/CController.php(782): SiteController->renderPartial()
#6 /var/www/cms/protected/controllers/SiteController.php(33): SiteController->render()
#7 /var/www/framework/web/actions/CInlineAction.php(49): SiteController->actionIndex()
#8 /var/www/framework/web/CController.php(308): CInlineAction->runWithParams()
#9 /var/www/framework/web/CController.php(286): SiteController->runAction()
#10 /var/www/framework/web/CController.php(265): SiteController->runActionWithFilters()
#11 /var/www/framework/web/CWebApplication.php(282): SiteController->run()
#12 /var/www/framework/web/CWebApplication.php(141): CWebApplication->runController()
#13 /var/www/framework/base/CApplication.php(169): CWebApplication->processRequest()
#14 /var/www/cms/htdocs/index.php(15): CWebApplication->run()
REQUEST_URI=/cms/htdocs/
in /var/www/cms/protected/vendors/Smarty/Smarty.class.php (95)
in /var/www/cms/protected/vendors/Smarty/Smarty.class.php (95)
in /var/www/cms/protected/extensions/smarty/ESmartyViewRenderer.php (135)
2013/05/30 23:26:22 [error] [php] include_once(/var/www/cms/protected/vendors/Smarty/sysplugins/smarty_internal_data.php): failed to open stream: No such file or directory (/var/www/cms/protected/vendors/Smarty/Smarty.class.php:95)
Stack trace:
#0 /var/www/framework/base/CModule.php(387): ESmartyViewRenderer->init()
#1 /var/www/framework/web/CWebApplication.php(221): CWebApplication->getComponent()
#2 /var/www/framework/web/CController.php(695): CWebApplication->getViewRenderer()
#3 /var/www/framework/web/CController.php(591): SiteController->resolveViewFile()
#4 /var/www/framework/web/CController.php(867): SiteController->getViewFile()
#5 /var/www/framework/web/CController.php(782): SiteController->renderPartial()
#6 /var/www/cms/protected/controllers/SiteController.php(33): SiteController->render()
#7 /var/www/framework/web/actions/CInlineAction.php(49): SiteController->actionIndex()
#8 /var/www/framework/web/CController.php(308): CInlineAction->runWithParams()
#9 /var/www/framework/web/CController.php(286): SiteController->runAction()
#10 /var/www/framework/web/CController.php(265): SiteController->runActionWithFilters()
#11 /var/www/framework/web/CWebApplication.php(282): SiteController->run()
#12 /var/www/framework/web/CWebApplication.php(141): CWebApplication->runController()
#13 /var/www/framework/base/CApplication.php(169): CWebApplication->processRequest()
#14 /var/www/cms/htdocs/index.php(15): CWebApplication->run()
REQUEST_URI=/cms/htdocs/
in /var/www/cms/protected/vendors/Smarty/Smarty.class.php (95)
in /var/www/cms/protected/vendors/Smarty/Smarty.class.php (95)
in /var/www/cms/protected/extensions/smarty/ESmartyViewRenderer.php (135)
2013/05/30 23:28:21 [error] [php] include_once(/var/www/cms/protected/vendors/Smarty/sysplugins/smarty_internal_data.php): failed to open stream: No such file or directory (/var/www/cms/protected/vendors/Smarty/Smarty.class.php:95)
Stack trace:
#0 /var/www/framework/base/CModule.php(387): ESmartyViewRenderer->init()
#1 /var/www/framework/web/CWebApplication.php(221): CWebApplication->getComponent()
#2 /var/www/framework/web/CController.php(695): CWebApplication->getViewRenderer()
#3 /var/www/framework/web/CController.php(591): SiteController->resolveViewFile()
#4 /var/www/framework/web/CController.php(867): SiteController->getViewFile()
#5 /var/www/framework/web/CController.php(782): SiteController->renderPartial()
#6 /var/www/cms/protected/controllers/SiteController.php(33): SiteController->render()
#7 /var/www/framework/web/actions/CInlineAction.php(49): SiteController->actionIndex()
#8 /var/www/framework/web/CController.php(308): CInlineAction->runWithParams()
#9 /var/www/framework/web/CController.php(286): SiteController->runAction()
#10 /var/www/framework/web/CController.php(265): SiteController->runActionWithFilters()
#11 /var/www/framework/web/CWebApplication.php(282): SiteController->run()
#12 /var/www/framework/web/CWebApplication.php(141): CWebApplication->runController()
#13 /var/www/framework/base/CApplication.php(169): CWebApplication->processRequest()
#14 /var/www/cms/htdocs/index.php(15): CWebApplication->run()
REQUEST_URI=/cms/htdocs/
in /var/www/cms/protected/vendors/Smarty/Smarty.class.php (95)
in /var/www/cms/protected/vendors/Smarty/Smarty.class.php (95)
in /var/www/cms/protected/extensions/smarty/ESmartyViewRenderer.php (135)
2013/05/30 23:29:11 [error] [php] include_once(/var/www/cms/protected/vendors/Smarty/sysplugins/smarty_internal_data.php): failed to open stream: No such file or directory (/var/www/cms/protected/vendors/Smarty/Smarty.class.php:95)
Stack trace:
#0 /var/www/framework/base/CModule.php(387): ESmartyViewRenderer->init()
#1 /var/www/framework/web/CWebApplication.php(221): CWebApplication->getComponent()
#2 /var/www/framework/web/CController.php(695): CWebApplication->getViewRenderer()
#3 /var/www/framework/web/CController.php(591): SiteController->resolveViewFile()
#4 /var/www/framework/web/CController.php(867): SiteController->getViewFile()
#5 /var/www/framework/web/CController.php(782): SiteController->renderPartial()
#6 /var/www/cms/protected/controllers/SiteController.php(33): SiteController->render()
#7 /var/www/framework/web/actions/CInlineAction.php(49): SiteController->actionIndex()
#8 /var/www/framework/web/CController.php(308): CInlineAction->runWithParams()
#9 /var/www/framework/web/CController.php(286): SiteController->runAction()
#10 /var/www/framework/web/CController.php(265): SiteController->runActionWithFilters()
#11 /var/www/framework/web/CWebApplication.php(282): SiteController->run()
#12 /var/www/framework/web/CWebApplication.php(141): CWebApplication->runController()
#13 /var/www/framework/base/CApplication.php(169): CWebApplication->processRequest()
#14 /var/www/cms/htdocs/index.php(15): CWebApplication->run()
REQUEST_URI=/cms/htdocs/
in /var/www/cms/protected/vendors/Smarty/Smarty.class.php (95)
in /var/www/cms/protected/vendors/Smarty/Smarty.class.php (95)
in /var/www/cms/protected/extensions/smarty/ESmartyViewRenderer.php (135)
2013/05/30 23:29:12 [error] [php] include_once(/var/www/cms/protected/vendors/Smarty/sysplugins/smarty_internal_data.php): failed to open stream: No such file or directory (/var/www/cms/protected/vendors/Smarty/Smarty.class.php:95)
Stack trace:
#0 /var/www/framework/base/CModule.php(387): ESmartyViewRenderer->init()
#1 /var/www/framework/web/CWebApplication.php(221): CWebApplication->getComponent()
#2 /var/www/framework/web/CController.php(695): CWebApplication->getViewRenderer()
#3 /var/www/framework/web/CController.php(591): SiteController->resolveViewFile()
#4 /var/www/framework/web/CController.php(867): SiteController->getViewFile()
#5 /var/www/framework/web/CController.php(782): SiteController->renderPartial()
#6 /var/www/cms/protected/controllers/SiteController.php(33): SiteController->render()
#7 /var/www/framework/web/actions/CInlineAction.php(49): SiteController->actionIndex()
#8 /var/www/framework/web/CController.php(308): CInlineAction->runWithParams()
#9 /var/www/framework/web/CController.php(286): SiteController->runAction()
#10 /var/www/framework/web/CController.php(265): SiteController->runActionWithFilters()
#11 /var/www/framework/web/CWebApplication.php(282): SiteController->run()
#12 /var/www/framework/web/CWebApplication.php(141): CWebApplication->runController()
#13 /var/www/framework/base/CApplication.php(169): CWebApplication->processRequest()
#14 /var/www/cms/htdocs/index.php(15): CWebApplication->run()
REQUEST_URI=/cms/htdocs/
in /var/www/cms/protected/vendors/Smarty/Smarty.class.php (95)
in /var/www/cms/protected/vendors/Smarty/Smarty.class.php (95)
in /var/www/cms/protected/extensions/smarty/ESmartyViewRenderer.php (135)
2013/05/30 23:29:12 [error] [php] include_once(/var/www/cms/protected/vendors/Smarty/sysplugins/smarty_internal_data.php): failed to open stream: No such file or directory (/var/www/cms/protected/vendors/Smarty/Smarty.class.php:95)
Stack trace:
#0 /var/www/framework/base/CModule.php(387): ESmartyViewRenderer->init()
#1 /var/www/framework/web/CWebApplication.php(221): CWebApplication->getComponent()
#2 /var/www/framework/web/CController.php(695): CWebApplication->getViewRenderer()
#3 /var/www/framework/web/CController.php(591): SiteController->resolveViewFile()
#4 /var/www/framework/web/CController.php(867): SiteController->getViewFile()
#5 /var/www/framework/web/CController.php(782): SiteController->renderPartial()
#6 /var/www/cms/protected/controllers/SiteController.php(33): SiteController->render()
#7 /var/www/framework/web/actions/CInlineAction.php(49): SiteController->actionIndex()
#8 /var/www/framework/web/CController.php(308): CInlineAction->runWithParams()
#9 /var/www/framework/web/CController.php(286): SiteController->runAction()
#10 /var/www/framework/web/CController.php(265): SiteController->runActionWithFilters()
#11 /var/www/framework/web/CWebApplication.php(282): SiteController->run()
#12 /var/www/framework/web/CWebApplication.php(141): CWebApplication->runController()
#13 /var/www/framework/base/CApplication.php(169): CWebApplication->processRequest()
#14 /var/www/cms/htdocs/index.php(15): CWebApplication->run()
REQUEST_URI=/cms/htdocs/
in /var/www/cms/protected/vendors/Smarty/Smarty.class.php (95)
in /var/www/cms/protected/vendors/Smarty/Smarty.class.php (95)
in /var/www/cms/protected/extensions/smarty/ESmartyViewRenderer.php (135)
2013/06/04 09:42:45 [error] [exception.SmartyCompilerException] exception 'SmartyCompilerException' with message 'Syntax Error in template &quot;/var/www/cms/protected/views/layouts/test2.tpl&quot;  on line 1 &quot;{$this-&amp;gt;beginContent(//layouts/test1)}&quot;  - Unexpected &quot;/&quot;, expected one of: &quot;&quot;,&quot;&quot; , &quot;)&quot;' in /var/www/cms/protected/extensions/smarty/libs/sysplugins/smarty_internal_templatecompilerbase.php:665
Stack trace:
#0 /var/www/cms/protected/extensions/smarty/libs/sysplugins/smarty_internal_templateparser.php(3144): Smarty_Internal_TemplateCompilerBase->trigger_template_error()
#1 /var/www/cms/protected/extensions/smarty/libs/sysplugins/smarty_internal_templateparser.php(3209): Smarty_Internal_Templateparser->yy_syntax_error(40, '/')
#2 /var/www/cms/protected/extensions/smarty/libs/sysplugins/smarty_internal_smartytemplatecompiler.php(105): Smarty_Internal_Templateparser->doParse(40, '/')
#3 /var/www/cms/protected/extensions/smarty/libs/sysplugins/smarty_internal_templatecompilerbase.php(200): Smarty_Internal_SmartyTemplateCompiler->doCompile('{$this->beginCo...')
#4 /var/www/cms/protected/extensions/smarty/libs/sysplugins/smarty_internal_template.php(187): Smarty_Internal_TemplateCompilerBase->compileTemplate(Object(Smarty_Internal_Template))
#5 /var/www/cms/protected/extensions/smarty/libs/sysplugins/smarty_internal_templatebase.php(155): Smarty_Internal_Template->compileTemplateSource()
#6 /var/www/cms/protected/extensions/smarty/ESmartyViewRenderer.php(258): Smarty_Internal_TemplateBase->fetch()
#7 /var/www/framework/web/CBaseController.php(93): ESmartyViewRenderer->renderFile(Object(SiteController), '/var/www/cms/pr...', Array, true)
#8 /var/www/framework/web/CController.php(784): CBaseController->renderFile('/var/www/cms/pr...', Array, true)
#9 /var/www/cms/protected/controllers/SiteController.php(33): CController->render('index')
#10 /var/www/framework/web/actions/CInlineAction.php(49): SiteController->actionIndex()
#11 /var/www/framework/web/CController.php(308): CInlineAction->runWithParams(Array)
#12 /var/www/framework/web/CController.php(286): CController->runAction(Object(CInlineAction))
#13 /var/www/framework/web/CController.php(265): CController->runActionWithFilters(Object(CInlineAction), Array)
#14 /var/www/framework/web/CWebApplication.php(282): CController->run('')
#15 /var/www/framework/web/CWebApplication.php(141): CWebApplication->runController('')
#16 /var/www/framework/base/CApplication.php(169): CWebApplication->processRequest()
#17 /var/www/cms/htdocs/index.php(16): CApplication->run()
#18 {main}
REQUEST_URI=/cms/htdocs/
HTTP_REFERER=http://192.168.1.35/cms/
---
